<?xml version="1.0" encoding="UTF-8"?>
<!-- Generated by org.testng.reporters.JUnitReportReporter -->
<testsuite hostname="DESKTOP-TVJIMI8" failures="0" tests="7" name="Testing.Sample.SimpleAnnotationsConcept" time="53.586" errors="0" timestamp="2021-11-18T21:57:43 IST" skipped="0">
  <testcase classname="Testing.Sample.SimpleAnnotationsConcept" name="Open_Google" time="5.978"/>
  <system-out/>
  <testcase classname="Testing.Sample.SimpleAnnotationsConcept" name="Open_Google" time="8.260"/>
  <system-out/>
  <testcase classname="Testing.Sample.SimpleAnnotationsConcept" name="Open_Google" time="4.567"/>
  <system-out/>
  <testcase classname="Testing.Sample.SimpleAnnotationsConcept" name="Open_Google" time="4.012"/>
  <system-out/>
  <testcase classname="Testing.Sample.SimpleAnnotationsConcept" name="Open_Google" time="4.827"/>
  <system-out/>
  <testcase classname="Testing.Sample.SimpleAnnotationsConcept" name="With_IncorrectXpath" time="19.748"/>
  <system-out/>
  <testcase classname="Testing.Sample.SimpleAnnotationsConcept" name="Open_Google" time="6.194"/>
  <system-out/>
</testsuite> <!-- Testing.Sample.SimpleAnnotationsConcept -->
