<?xml version="1.0" encoding="UTF-8"?>
<!-- Generated by org.testng.reporters.JUnitReportReporter -->
<testsuite hostname="DESKTOP-TVJIMI8" failures="0" tests="2" name="Testing.Sample.parallel_Testing" time="42.975" errors="0" timestamp="2021-11-19T21:43:02 IST" skipped="0">
  <testcase classname="Testing.Sample.parallel_Testing" name="edge_browser" time="24.489"/>
  <system-out/>
  <testcase classname="Testing.Sample.parallel_Testing" name="chrome_browser" time="18.486"/>
  <system-out/>
</testsuite> <!-- Testing.Sample.parallel_Testing -->
