<?xml version="1.0" encoding="UTF-8"?>
<!-- Generated by org.testng.reporters.JUnitReportReporter -->
<testsuite hostname="DESKTOP-TVJIMI8" failures="0" tests="1" name="Testing.Sample.AppTest" time="0.028" errors="0" timestamp="2021-10-16T22:02:35 IST" skipped="0">
  <testcase classname="Testing.Sample.AppTest" name="shouldAnswerWithTrue" time="0.028"/>
  <system-out/>
</testsuite> <!-- Testing.Sample.AppTest -->
