<?xml version="1.0" encoding="UTF-8"?>
<!-- Generated by org.testng.reporters.JUnitReportReporter -->
<testsuite hostname="DESKTOP-TVJIMI8" failures="0" tests="2" name="Testing.Sample.Cross_Browser_Test" time="29.190" errors="0" timestamp="2021-11-20T19:13:13 IST" skipped="0">
  <testcase classname="Testing.Sample.Cross_Browser_Test" name="edge_browser" time="10.695"/>
  <system-out/>
  <testcase classname="Testing.Sample.Cross_Browser_Test" name="chrome_browser" time="18.495"/>
  <system-out/>
</testsuite> <!-- Testing.Sample.Cross_Browser_Test -->
