<?xml version="1.0" encoding="UTF-8"?>
<!-- Generated by org.testng.reporters.JUnitReportReporter -->
<testsuite hostname="DESKTOP-TVJIMI8" failures="0" tests="2" name="Testing.Sample.Parallel_Test" time="46.814" errors="0" timestamp="2021-11-19T21:56:12 IST" skipped="0">
  <testcase classname="Testing.Sample.Parallel_Test" name="youtube_launch" time="24.044"/>
  <system-out/>
  <testcase classname="Testing.Sample.Parallel_Test" name="amazon_launch" time="22.770"/>
  <system-out/>
</testsuite> <!-- Testing.Sample.Parallel_Test -->
